2025-05-30 10:38:32.395 |INFO    | funbuild.core.core : core: 127 | funbuild | - fundrive build
2025-05-30 10:38:32.397 |INFO    | funbuild.core.core : core: 106 | funbuild | - fundrive pull
2025-05-30 10:39:00.082 |INFO    | funbuild.core.core : core: 111 | funbuild | - fundrive push
2025-05-30 10:39:00.113 |ERROR   | funbuild.core.core : core:  35 | funbuild | - aigc_commit_message with error:No module named 'gcop'
2025-05-30 10:42:42.698 |INFO    | funbuild.core.core : core: 127 | funbuild | - fundrive build
2025-05-30 10:42:42.699 |INFO    | funbuild.core.core : core: 106 | funbuild | - fundrive pull
2025-05-30 10:42:52.776 |INFO    | funbuild.core.core : core: 111 | funbuild | - fundrive push
2025-05-30 10:42:54.509 |ERROR   | funbuild.core.core : core:  35 | funbuild | - aigc_commit_message with error:ModelConfig.__init__() missing 1 required positional argument: 'model_name'
2025-05-30 10:43:49.982 |INFO    | funbuild.core.core : core: 127 | funbuild | - fundrive build
2025-05-30 10:43:49.983 |INFO    | funbuild.core.core : core: 106 | funbuild | - fundrive pull
2025-05-30 10:43:57.487 |INFO    | funbuild.core.core : core: 111 | funbuild | - fundrive push
2025-05-30 10:44:11.372 |INFO    | funbuild.core.core : core:  31 | funbuild | - [Generated commit message]
chore: 更新项目配置和版本号

- 将Python SDK配置从'uv (fundrive)'更新为'Python 3.13 virtualenv'
- 日志文件中新增fundrive build/pull/push操作记录
- 项目版本号从2.0.13升级到2.0.14

这些变更为项目维护性更新，不影响核心功能。
2025-05-30 11:16:47.947 |INFO    | funbuild.core.core : core: 127 | funbuild | - fundrive build
2025-05-30 11:16:47.948 |INFO    | funbuild.core.core : core: 106 | funbuild | - fundrive pull
2025-05-30 11:16:59.391 |INFO    | funbuild.core.core : core: 111 | funbuild | - fundrive push
2025-05-30 11:17:15.888 |INFO    | funbuild.core.core : core:  31 | funbuild | - [Generated commit message]
fix: 优化OSSDrive的exist方法实现

- 将object_exists方法替换为list_objects检查
- 提高文件存在性检查的准确性

新实现通过检查对象列表长度来判断文件是否存在，
相比直接使用object_exists方法更加可靠。
2025-05-30 11:24:24.597 |INFO    | funbuild.core.core : core: 127 | funbuild | - fundrive build
2025-05-30 11:24:24.598 |INFO    | funbuild.core.core : core: 106 | funbuild | - fundrive pull
2025-05-30 11:24:31.903 |INFO    | funbuild.core.core : core: 111 | funbuild | - fundrive push
2025-05-30 11:24:48.164 |INFO    | funbuild.core.core : core:  31 | funbuild | - [Generated commit message]
refactor: 优化OSSDrive文件下载逻辑并更新版本号

- 简化__download_file方法参数，移除冗余参数
- 使用新的get_filepath函数统一处理文件路径
- 更新项目版本号至2.0.16
- 日志文件中添加build/pull/push操作记录

这些变更主要优化了代码结构，提高了代码可维护性，没有引入功能变更。
2025-05-30 11:30:10.901 |INFO    | funbuild.core.core : core: 127 | funbuild | - fundrive build
2025-05-30 11:30:10.902 |INFO    | funbuild.core.core : core: 106 | funbuild | - fundrive pull
2025-05-30 11:30:20.353 |INFO    | funbuild.core.core : core: 111 | funbuild | - fundrive push
2025-05-30 11:31:28.824 |INFO    | funbuild.core.core : core:  31 | funbuild | - [Generated commit message]
fix: 修复OSSDrive文件名处理问题

- 修正OSSDrive中文件名的basename处理逻辑
- 确保文件路径和名称正确对应

refactor: 更新项目版本号至2.0.17

- 更新pyproject.toml中的版本号

chore: 添加build/pull/push操作日志记录

- 在日志文件中记录fundrive的build/pull/push操作
2025-05-30 11:32:16.176 |INFO    | funbuild.core.core : core: 127 | funbuild | - fundrive build
2025-05-30 11:32:16.177 |INFO    | funbuild.core.core : core: 106 | funbuild | - fundrive pull
2025-05-30 11:32:26.862 |INFO    | funbuild.core.core : core: 111 | funbuild | - fundrive push
2025-05-30 11:32:52.825 |INFO    | funbuild.core.core : core:  31 | funbuild | - [Generated commit message]
chore: 更新项目版本号至2.0.18

- 更新pyproject.toml中的版本号
- 修复OSSDrive路径处理问题，去除末尾斜杠
- 在日志文件中记录具体的build/pull/push操作详情

此次更新主要为版本号迭代，同时包含一些功能优化和日志完善。
